#
# There is insufficient memory for the Java Runtime Environment to continue.
# Native memory allocation (mmap) failed to map 19922944 bytes for G1 virtual space
# Possible reasons:
#   The system is out of physical RAM or swap space
#   The process is running with CompressedOops enabled, and the Java Heap may be blocking the growth of the native heap
# Possible solutions:
#   Reduce memory load on the system
#   Increase physical memory or swap space
#   Check if swap backing store is full
#   Decrease Java heap size (-Xmx/-Xms)
#   Decrease number of Java threads
#   Decrease Java thread stack sizes (-Xss)
#   Set larger code cache with -XX:ReservedCodeCacheSize=
#   JVM is running with Unscaled Compressed Oops mode in which the Java heap is
#     placed in the first 4GB address space. The Java Heap base address is the
#     maximum limit for the native heap growth. Please use -XX:HeapBaseMinAddress
#     to set the Java Heap base and to place the Java Heap above 4GB virtual address.
# This output file may be truncated or incomplete.
#
#  Out of Memory Error (os_windows.cpp:3613), pid=8944, tid=23700
#
# JRE version: OpenJDK Runtime Environment Corretto-17.0.10.7.1 (17.0.10+7) (build 17.0.10+7-LTS)
# Java VM: OpenJDK 64-Bit Server VM Corretto-17.0.10.7.1 (17.0.10+7-LTS, mixed mode, emulated-client, sharing, tiered, compressed oops, compressed class ptrs, g1 gc, windows-amd64)
# No core dump will be written. Minidumps are not enabled by default on client versions of Windows
#

---------------  S U M M A R Y ------------

Command Line: -agentlib:jdwp=transport=dt_socket,address=127.0.0.1:50580,suspend=y,server=n -XX:TieredStopAtLevel=1 -Dspring.output.ansi.enabled=always -Dcom.sun.management.jmxremote -Dspring.jmx.enabled=true -Dspring.liveBeansView.mbeanDomain -Dspring.application.admin.enabled=true -Dmanagement.endpoints.jmx.exposure.include=* -javaagent:C:\Users\alexc\AppData\Local\JetBrains\IntelliJIdea2024.1\captureAgent\debugger-agent.jar -Dfile.encoding=UTF-8 com.example.mspedidoservice.MsPedidoServiceApplication

Host: 11th Gen Intel(R) Core(TM) i5-1135G7 @ 2.40GHz, 8 cores, 7G,  Windows 11 , 64 bit Build 22621 (10.0.22621.3527)
Time: Wed May 29 22:07:00 2024 Hora est. Pacífico, Sudamérica elapsed time: 22.191311 seconds (0d 0h 0m 22s)

---------------  T H R E A D  ---------------

Current thread (0x000002184e71cc00):  VMThread "VM Thread" [stack: 0x00000088d9900000,0x00000088d9a00000] [id=23700]

Stack: [0x00000088d9900000,0x00000088d9a00000]
Native frames: (J=compiled Java code, j=interpreted, Vv=VM code, C=native code)
V  [jvm.dll+0x67d2c9]
V  [jvm.dll+0x834b1a]
V  [jvm.dll+0x8365de]
V  [jvm.dll+0x836c43]
V  [jvm.dll+0x2477ff]
V  [jvm.dll+0x67a109]
V  [jvm.dll+0x66eb7a]
V  [jvm.dll+0x30764b]
V  [jvm.dll+0x30eaf6]
V  [jvm.dll+0x35e83e]
V  [jvm.dll+0x35ea6f]
V  [jvm.dll+0x2de248]
V  [jvm.dll+0x2e12c6]
V  [jvm.dll+0x2eb9ba]
V  [jvm.dll+0x31fd00]
V  [jvm.dll+0x83b13b]
V  [jvm.dll+0x83be81]
V  [jvm.dll+0x83c39d]
V  [jvm.dll+0x83c774]
V  [jvm.dll+0x83c840]
V  [jvm.dll+0x7e3fda]
V  [jvm.dll+0x67c1b5]
C  [ucrtbase.dll+0x29333]
C  [KERNEL32.DLL+0x1257d]
C  [ntdll.dll+0x5aa48]

VM_Operation (0x00000088d95ff9c0): G1PauseRemark, mode: safepoint, requested by thread 0x000002183c8801b0


---------------  P R O C E S S  ---------------

Threads class SMR info:
_java_thread_list=0x0000021895e47ff0, length=44, elements={
0x000002183c81a7a0, 0x000002184e71f6a0, 0x000002184e720260, 0x000002184e7321a0,
0x000002184e732d60, 0x000002184e735830, 0x000002184e738200, 0x000002184e738c70,
0x000002184e73a680, 0x000002184e709f00, 0x000002184eceb280, 0x000002184ed00750,
0x000002184ed00c50, 0x000002184eede7d0, 0x0000021894652040, 0x00000218947e46c0,
0x0000021895074b80, 0x00000218951736c0, 0x0000021895222e30, 0x000002184ec553a0,
0x0000021895fab060, 0x0000021895fe67f0, 0x000002184ec54470, 0x000002184ec54980,
0x0000021896102290, 0x0000021896104600, 0x00000218961027a0, 0x0000021896101870,
0x00000218960feff0, 0x00000218960ff500, 0x00000218960fe5d0, 0x0000021896101d80,
0x0000021896101360, 0x00000218960fe0c0, 0x0000021896102cb0, 0x00000218961031c0,
0x00000218961036d0, 0x0000021896104b10, 0x00000218960ffa10, 0x00000218960fff20,
0x0000021896103be0, 0x0000021896100430, 0x0000021896105020, 0x0000021896105530
}

Java Threads: ( => current thread )
  0x000002183c81a7a0 JavaThread "main" [_thread_blocked, id=9028, stack(0x00000088d9300000,0x00000088d9400000)]
  0x000002184e71f6a0 JavaThread "Reference Handler" daemon [_thread_blocked, id=17464, stack(0x00000088d9a00000,0x00000088d9b00000)]
  0x000002184e720260 JavaThread "Finalizer" daemon [_thread_blocked, id=31704, stack(0x00000088d9b00000,0x00000088d9c00000)]
  0x000002184e7321a0 JavaThread "Signal Dispatcher" daemon [_thread_blocked, id=33376, stack(0x00000088d9c00000,0x00000088d9d00000)]
  0x000002184e732d60 JavaThread "Attach Listener" daemon [_thread_blocked, id=15448, stack(0x00000088d9d00000,0x00000088d9e00000)]
  0x000002184e735830 JavaThread "Service Thread" daemon [_thread_blocked, id=31800, stack(0x00000088d9e00000,0x00000088d9f00000)]
  0x000002184e738200 JavaThread "Monitor Deflation Thread" daemon [_thread_blocked, id=18040, stack(0x00000088d9f00000,0x00000088da000000)]
  0x000002184e738c70 JavaThread "C1 CompilerThread0" daemon [_thread_blocked, id=21208, stack(0x00000088da000000,0x00000088da100000)]
  0x000002184e73a680 JavaThread "Sweeper thread" daemon [_thread_blocked, id=22704, stack(0x00000088da100000,0x00000088da200000)]
  0x000002184e709f00 JavaThread "Common-Cleaner" daemon [_thread_blocked, id=4496, stack(0x00000088da200000,0x00000088da300000)]
  0x000002184eceb280 JavaThread "JDWP Transport Listener: dt_socket" daemon [_thread_blocked, id=13204, stack(0x00000088da400000,0x00000088da500000)]
  0x000002184ed00750 JavaThread "JDWP Event Helper Thread" daemon [_thread_blocked, id=11644, stack(0x00000088da500000,0x00000088da600000)]
  0x000002184ed00c50 JavaThread "JDWP Command Reader" daemon [_thread_in_native, id=4220, stack(0x00000088da600000,0x00000088da700000)]
  0x000002184eede7d0 JavaThread "C1 CompilerThread1" daemon [_thread_blocked, id=7780, stack(0x00000088da300000,0x00000088da400000)]
  0x0000021894652040 JavaThread "Notification Thread" daemon [_thread_blocked, id=32388, stack(0x00000088da700000,0x00000088da800000)]
  0x00000218947e46c0 JavaThread "RMI TCP Accept-0" daemon [_thread_in_native, id=3892, stack(0x00000088da800000,0x00000088da900000)]
  0x0000021895074b80 JavaThread "RMI TCP Connection(2)-192.168.100.36" daemon [_thread_in_native, id=12668, stack(0x00000088db100000,0x00000088db200000)]
  0x00000218951736c0 JavaThread "RMI Scheduler(0)" daemon [_thread_blocked, id=4600, stack(0x00000088db200000,0x00000088db300000)]
  0x0000021895222e30 JavaThread "Keep-Alive-Timer" daemon [_thread_blocked, id=28936, stack(0x00000088db400000,0x00000088db500000)]
  0x000002184ec553a0 JavaThread "RMI TCP Connection(3)-192.168.100.36" daemon [_thread_in_native, id=17076, stack(0x00000088db500000,0x00000088db600000)]
  0x0000021895fab060 JavaThread "C1 CompilerThread2" daemon [_thread_blocked, id=26832, stack(0x00000088db700000,0x00000088db800000)]
  0x0000021895fe67f0 JavaThread "C1 CompilerThread3" daemon [_thread_blocked, id=24212, stack(0x00000088db800000,0x00000088db900000)]
  0x000002184ec54470 JavaThread "Catalina-utility-1" [_thread_blocked, id=18840, stack(0x00000088db900000,0x00000088dba00000)]
  0x000002184ec54980 JavaThread "Catalina-utility-2" [_thread_blocked, id=32244, stack(0x00000088dba00000,0x00000088dbb00000)]
  0x0000021896102290 JavaThread "container-0" [_thread_blocked, id=6196, stack(0x00000088dbb00000,0x00000088dbc00000)]
  0x0000021896104600 JavaThread "mysql-cj-abandoned-connection-cleanup" daemon [_thread_blocked, id=29128, stack(0x00000088dbc00000,0x00000088dbd00000)]
  0x00000218961027a0 JavaThread "RMI TCP Connection(4)-192.168.100.36" daemon [_thread_in_native, id=28652, stack(0x00000088dbd00000,0x00000088dbe00000)]
  0x0000021896101870 JavaThread "HikariPool-1 housekeeper" daemon [_thread_blocked, id=21312, stack(0x00000088dbe00000,0x00000088dbf00000)]
  0x00000218960feff0 JavaThread "HikariPool-1 connection adder" daemon [_thread_blocked, id=5628, stack(0x00000088dbf00000,0x00000088dc000000)]
  0x00000218960ff500 JavaThread "spring.cloud.inetutils" daemon [_thread_blocked, id=10296, stack(0x00000088dc000000,0x00000088dc100000)]
  0x00000218960fe5d0 JavaThread "ClassGraph-worker-56" daemon [_thread_blocked, id=12228, stack(0x00000088dc100000,0x00000088dc200000)]
  0x0000021896101d80 JavaThread "ClassGraph-worker-57" daemon [_thread_blocked, id=16736, stack(0x00000088dc200000,0x00000088dc300000)]
  0x0000021896101360 JavaThread "ClassGraph-worker-58" daemon [_thread_blocked, id=5312, stack(0x00000088dc300000,0x00000088dc400000)]
  0x00000218960fe0c0 JavaThread "ClassGraph-worker-59" daemon [_thread_blocked, id=27132, stack(0x00000088dc400000,0x00000088dc500000)]
  0x0000021896102cb0 JavaThread "ClassGraph-worker-60" daemon [_thread_blocked, id=15124, stack(0x00000088dc500000,0x00000088dc600000)]
  0x00000218961031c0 JavaThread "ClassGraph-worker-61" daemon [_thread_blocked, id=2440, stack(0x00000088dc600000,0x00000088dc700000)]
  0x00000218961036d0 JavaThread "ClassGraph-worker-62" daemon [_thread_blocked, id=26300, stack(0x00000088dc700000,0x00000088dc800000)]
  0x0000021896104b10 JavaThread "ClassGraph-worker-63" daemon [_thread_blocked, id=30972, stack(0x00000088dc800000,0x00000088dc900000)]
  0x00000218960ffa10 JavaThread "ClassGraph-worker-64" daemon [_thread_blocked, id=2688, stack(0x00000088dc900000,0x00000088dca00000)]
  0x00000218960fff20 JavaThread "ClassGraph-worker-65" daemon [_thread_blocked, id=22408, stack(0x00000088dca00000,0x00000088dcb00000)]
  0x0000021896103be0 JavaThread "ClassGraph-worker-66" daemon [_thread_blocked, id=30764, stack(0x00000088dcb00000,0x00000088dcc00000)]
  0x0000021896100430 JavaThread "ClassGraph-worker-67" daemon [_thread_blocked, id=21440, stack(0x00000088dcc00000,0x00000088dcd00000)]
  0x0000021896105020 JavaThread "ClassGraph-worker-68" daemon [_thread_blocked, id=17160, stack(0x00000088dcd00000,0x00000088dce00000)]
  0x0000021896105530 JavaThread "ClassGraph-worker-69" daemon [_thread_blocked, id=28052, stack(0x00000088dce00000,0x00000088dcf00000)]

Other Threads:
=>0x000002184e71cc00 VMThread "VM Thread" [stack: 0x00000088d9900000,0x00000088d9a00000] [id=23700]
  0x000002183c81b620 WatcherThread [stack: 0x00000088da900000,0x00000088daa00000] [id=5064]
  0x000002183c86eb00 GCTaskThread "GC Thread#0" [stack: 0x00000088d9400000,0x00000088d9500000] [id=16024]
  0x0000021894cdbd00 GCTaskThread "GC Thread#1" [stack: 0x00000088daa00000,0x00000088dab00000] [id=18936]
  0x0000021894cd6130 GCTaskThread "GC Thread#2" [stack: 0x00000088dab00000,0x00000088dac00000] [id=17820]
  0x0000021894d1d7a0 GCTaskThread "GC Thread#3" [stack: 0x00000088dac00000,0x00000088dad00000] [id=27408]
  0x0000021894d34910 GCTaskThread "GC Thread#4" [stack: 0x00000088dad00000,0x00000088dae00000] [id=26840]
  0x0000021894d36000 GCTaskThread "GC Thread#5" [stack: 0x00000088dae00000,0x00000088daf00000] [id=25848]
  0x0000021894d362c0 GCTaskThread "GC Thread#6" [stack: 0x00000088daf00000,0x00000088db000000] [id=29984]
  0x0000021894d3a590 GCTaskThread "GC Thread#7" [stack: 0x00000088db000000,0x00000088db100000] [id=21688]
  0x000002183c8801b0 ConcurrentGCThread "G1 Main Marker" [stack: 0x00000088d9500000,0x00000088d9600000] [id=15472]
  0x000002183c880bd0 ConcurrentGCThread "G1 Conc#0" [stack: 0x00000088d9600000,0x00000088d9700000] [id=3888]
  0x000002189464f300 ConcurrentGCThread "G1 Conc#1" [stack: 0x00000088db600000,0x00000088db700000] [id=30468]
  0x000002183c8aec60 ConcurrentGCThread "G1 Refine#0" [stack: 0x00000088d9700000,0x00000088d9800000] [id=25060]
  0x000002184e5d8640 ConcurrentGCThread "G1 Service" [stack: 0x00000088d9800000,0x00000088d9900000] [id=6028]

Threads with active compile tasks:

VM state: at safepoint (normal execution)

VM Mutex/Monitor currently owned by a thread:  ([mutex/lock_event])
[0x000002183c8148a0] Threads_lock - owner thread: 0x000002184e71cc00
[0x000002183c815e90] Heap_lock - owner thread: 0x000002183c8801b0

Heap address: 0x0000000083600000, size: 1994 MB, Compressed Oops mode: 32-bit

CDS archive(s) mapped at: [0x000002184f000000-0x000002184fbb0000-0x000002184fbb0000), size 12255232, SharedBaseAddress: 0x000002184f000000, ArchiveRelocationMode: 1.
Compressed class space mapped at: 0x0000021850000000-0x0000021890000000, reserved size: 1073741824
Narrow klass base: 0x000002184f000000, Narrow klass shift: 0, Narrow klass range: 0x100000000

GC Precious Log:
 CPUs: 8 total, 8 available
 Memory: 7975M
 Large Page Support: Disabled
 NUMA Support: Disabled
 Compressed Oops: Enabled (32-bit)
 Heap Region Size: 1M
 Heap Min Capacity: 8M
 Heap Initial Capacity: 126M
 Heap Max Capacity: 1994M
 Pre-touch: Disabled
 Parallel Workers: 8
 Concurrent Workers: 2
 Concurrent Refinement Workers: 8
 Periodic GC: Disabled

Heap:
 garbage-first heap   total 151552K, used 99146K [0x0000000083600000, 0x0000000100000000)
  region size 1024K, 31 young (31744K), 1 survivors (1024K)
 Metaspace       used 75797K, committed 76480K, reserved 1179648K
  class space    used 10700K, committed 11008K, reserved 1048576K

Heap Regions: E=young(eden), S=young(survivor), O=old, HS=humongous(starts), HC=humongous(continues), CS=collection set, F=free, OA=open archive, CA=closed archive, TAMS=top-at-mark-start (previous, next)
|   0|0x0000000083600000, 0x0000000083700000, 0x0000000083700000|100%|HS|  |TAMS 0x0000000083700000, 0x0000000083600000| Complete 
|   1|0x0000000083700000, 0x0000000083800000, 0x0000000083800000|100%|HS|  |TAMS 0x0000000083800000, 0x0000000083700000| Complete 
|   2|0x0000000083800000, 0x0000000083900000, 0x0000000083900000|100%| O|  |TAMS 0x0000000083900000, 0x0000000083800000| Untracked 
|   3|0x0000000083900000, 0x0000000083a00000, 0x0000000083a00000|100%| O|  |TAMS 0x0000000083a00000, 0x0000000083900000| Untracked 
|   4|0x0000000083a00000, 0x0000000083b00000, 0x0000000083b00000|100%| O|  |TAMS 0x0000000083b00000, 0x0000000083a00000| Untracked 
|   5|0x0000000083b00000, 0x0000000083c00000, 0x0000000083c00000|100%| O|  |TAMS 0x0000000083c00000, 0x0000000083b00000| Untracked 
|   6|0x0000000083c00000, 0x0000000083d00000, 0x0000000083d00000|100%| O|  |TAMS 0x0000000083d00000, 0x0000000083c00000| Untracked 
|   7|0x0000000083d00000, 0x0000000083e00000, 0x0000000083e00000|100%| O|  |TAMS 0x0000000083e00000, 0x0000000083d00000| Untracked 
|   8|0x0000000083e00000, 0x0000000083f00000, 0x0000000083f00000|100%| O|  |TAMS 0x0000000083f00000, 0x0000000083e00000| Untracked 
|   9|0x0000000083f00000, 0x0000000084000000, 0x0000000084000000|100%| O|  |TAMS 0x0000000084000000, 0x0000000083f00000| Updating 
|  10|0x0000000084000000, 0x0000000084100000, 0x0000000084100000|100%| O|  |TAMS 0x0000000084100000, 0x0000000084000000| Untracked 
|  11|0x0000000084100000, 0x0000000084200000, 0x0000000084200000|100%| O|  |TAMS 0x0000000084200000, 0x0000000084100000| Untracked 
|  12|0x0000000084200000, 0x0000000084300000, 0x0000000084300000|100%| O|  |TAMS 0x0000000084300000, 0x0000000084200000| Untracked 
|  13|0x0000000084300000, 0x0000000084400000, 0x0000000084400000|100%| O|  |TAMS 0x0000000084400000, 0x0000000084300000| Untracked 
|  14|0x0000000084400000, 0x0000000084500000, 0x0000000084500000|100%| O|  |TAMS 0x0000000084500000, 0x0000000084400000| Untracked 
|  15|0x0000000084500000, 0x0000000084600000, 0x0000000084600000|100%| O|  |TAMS 0x0000000084600000, 0x0000000084500000| Untracked 
|  16|0x0000000084600000, 0x0000000084700000, 0x0000000084700000|100%| O|  |TAMS 0x0000000084700000, 0x0000000084600000| Updating 
|  17|0x0000000084700000, 0x0000000084800000, 0x0000000084800000|100%| O|  |TAMS 0x0000000084800000, 0x0000000084700000| Updating 
|  18|0x0000000084800000, 0x0000000084900000, 0x0000000084900000|100%| O|  |TAMS 0x0000000084900000, 0x0000000084800000| Untracked 
|  19|0x0000000084900000, 0x0000000084a00000, 0x0000000084a00000|100%|HS|  |TAMS 0x0000000084900000, 0x0000000084900000| Complete 
|  20|0x0000000084a00000, 0x0000000084b00000, 0x0000000084b00000|100%| O|  |TAMS 0x0000000084b00000, 0x0000000084a00000| Untracked 
|  21|0x0000000084b00000, 0x0000000084c00000, 0x0000000084c00000|100%| O|  |TAMS 0x0000000084c00000, 0x0000000084b00000| Untracked 
|  22|0x0000000084c00000, 0x0000000084d00000, 0x0000000084d00000|100%| O|  |TAMS 0x0000000084d00000, 0x0000000084c00000| Updating 
|  23|0x0000000084d00000, 0x0000000084e00000, 0x0000000084e00000|100%| O|  |TAMS 0x0000000084e00000, 0x0000000084d00000| Updating 
|  24|0x0000000084e00000, 0x0000000084f00000, 0x0000000084f00000|100%| O|  |TAMS 0x0000000084f00000, 0x0000000084e00000| Untracked 
|  25|0x0000000084f00000, 0x0000000085000000, 0x0000000085000000|100%| O|  |TAMS 0x0000000085000000, 0x0000000084f00000| Untracked 
|  26|0x0000000085000000, 0x0000000085100000, 0x0000000085100000|100%| O|  |TAMS 0x0000000085100000, 0x0000000085000000| Updating 
|  27|0x0000000085100000, 0x0000000085200000, 0x0000000085200000|100%| O|  |TAMS 0x0000000085200000, 0x0000000085100000| Updating 
|  28|0x0000000085200000, 0x0000000085300000, 0x0000000085300000|100%| O|  |TAMS 0x0000000085300000, 0x0000000085200000| Updating 
|  29|0x0000000085300000, 0x0000000085400000, 0x0000000085400000|100%| O|  |TAMS 0x0000000085400000, 0x0000000085300000| Untracked 
|  30|0x0000000085400000, 0x0000000085500000, 0x0000000085500000|100%| O|  |TAMS 0x0000000085500000, 0x0000000085400000| Untracked 
|  31|0x0000000085500000, 0x0000000085600000, 0x0000000085600000|100%| O|  |TAMS 0x0000000085600000, 0x0000000085500000| Untracked 
|  32|0x0000000085600000, 0x0000000085700000, 0x0000000085700000|100%| O|  |TAMS 0x0000000085700000, 0x0000000085600000| Untracked 
|  33|0x0000000085700000, 0x0000000085800000, 0x0000000085800000|100%| O|  |TAMS 0x0000000085800000, 0x0000000085700000| Untracked 
|  34|0x0000000085800000, 0x0000000085900000, 0x0000000085900000|100%| O|  |TAMS 0x0000000085900000, 0x0000000085800000| Untracked 
|  35|0x0000000085900000, 0x0000000085a00000, 0x0000000085a00000|100%| O|  |TAMS 0x0000000085a00000, 0x0000000085900000| Untracked 
|  36|0x0000000085a00000, 0x0000000085b00000, 0x0000000085b00000|100%| O|  |TAMS 0x0000000085b00000, 0x0000000085a00000| Updating 
|  37|0x0000000085b00000, 0x0000000085b00000, 0x0000000085c00000|  0%| F|  |TAMS 0x0000000085b00000, 0x0000000085b00000| Untracked 
|  38|0x0000000085c00000, 0x0000000085d00000, 0x0000000085d00000|100%| O|  |TAMS 0x0000000085d00000, 0x0000000085c00000| Updating 
|  39|0x0000000085d00000, 0x0000000085d00000, 0x0000000085e00000|  0%| F|  |TAMS 0x0000000085d00000, 0x0000000085d00000| Untracked 
|  40|0x0000000085e00000, 0x0000000085e00000, 0x0000000085f00000|  0%| F|  |TAMS 0x0000000085e00000, 0x0000000085e00000| Untracked 
|  41|0x0000000085f00000, 0x0000000086000000, 0x0000000086000000|100%| O|  |TAMS 0x0000000086000000, 0x0000000085f00000| Untracked 
|  42|0x0000000086000000, 0x0000000086100000, 0x0000000086100000|100%| O|  |TAMS 0x0000000086100000, 0x0000000086000000| Updating 
|  43|0x0000000086100000, 0x0000000086200000, 0x0000000086200000|100%| O|  |TAMS 0x0000000086200000, 0x0000000086100000| Updating 
|  44|0x0000000086200000, 0x0000000086300000, 0x0000000086300000|100%| O|  |TAMS 0x0000000086300000, 0x0000000086200000| Updating 
|  45|0x0000000086300000, 0x0000000086400000, 0x0000000086400000|100%| O|  |TAMS 0x0000000086400000, 0x0000000086300000| Untracked 
|  46|0x0000000086400000, 0x0000000086500000, 0x0000000086500000|100%| O|  |TAMS 0x0000000086500000, 0x0000000086400000| Updating 
|  47|0x0000000086500000, 0x0000000086600000, 0x0000000086600000|100%| O|  |TAMS 0x0000000086600000, 0x0000000086500000| Updating 
|  48|0x0000000086600000, 0x0000000086700000, 0x0000000086700000|100%| O|  |TAMS 0x0000000086700000, 0x0000000086600000| Updating 
|  49|0x0000000086700000, 0x0000000086800000, 0x0000000086800000|100%| O|  |TAMS 0x0000000086800000, 0x0000000086700000| Updating 
|  50|0x0000000086800000, 0x0000000086900000, 0x0000000086900000|100%| O|  |TAMS 0x0000000086900000, 0x0000000086800000| Updating 
|  51|0x0000000086900000, 0x0000000086a00000, 0x0000000086a00000|100%| O|  |TAMS 0x0000000086a00000, 0x0000000086900000| Updating 
|  52|0x0000000086a00000, 0x0000000086b00000, 0x0000000086b00000|100%| O|  |TAMS 0x0000000086b00000, 0x0000000086a00000| Updating 
|  53|0x0000000086b00000, 0x0000000086c00000, 0x0000000086c00000|100%| O|  |TAMS 0x0000000086c00000, 0x0000000086b00000| Updating 
|  54|0x0000000086c00000, 0x0000000086d00000, 0x0000000086d00000|100%| O|  |TAMS 0x0000000086d00000, 0x0000000086c00000| Updating 
|  55|0x0000000086d00000, 0x0000000086e00000, 0x0000000086e00000|100%| O|  |TAMS 0x0000000086e00000, 0x0000000086d00000| Updating 
|  56|0x0000000086e00000, 0x0000000086f00000, 0x0000000086f00000|100%| O|  |TAMS 0x0000000086f00000, 0x0000000086e00000| Updating 
|  57|0x0000000086f00000, 0x0000000087000000, 0x0000000087000000|100%| O|  |TAMS 0x0000000087000000, 0x0000000086f00000| Updating 
|  58|0x0000000087000000, 0x0000000087100000, 0x0000000087100000|100%| O|  |TAMS 0x0000000087100000, 0x0000000087000000| Updating 
|  59|0x0000000087100000, 0x0000000087100000, 0x0000000087200000|  0%| F|  |TAMS 0x0000000087100000, 0x0000000087100000| Untracked 
|  60|0x0000000087200000, 0x0000000087300000, 0x0000000087300000|100%| O|  |TAMS 0x0000000087300000, 0x0000000087200000| Updating 
|  61|0x0000000087300000, 0x0000000087300000, 0x0000000087400000|  0%| F|  |TAMS 0x0000000087300000, 0x0000000087300000| Untracked 
|  62|0x0000000087400000, 0x0000000087400000, 0x0000000087500000|  0%| F|  |TAMS 0x0000000087400000, 0x0000000087400000| Untracked 
|  63|0x0000000087500000, 0x0000000087500000, 0x0000000087600000|  0%| F|  |TAMS 0x0000000087500000, 0x0000000087500000| Untracked 
|  64|0x0000000087600000, 0x0000000087600000, 0x0000000087700000|  0%| F|  |TAMS 0x0000000087600000, 0x0000000087600000| Untracked 
|  65|0x0000000087700000, 0x0000000087700000, 0x0000000087800000|  0%| F|  |TAMS 0x0000000087700000, 0x0000000087700000| Untracked 
|  66|0x0000000087800000, 0x0000000087900000, 0x0000000087900000|100%| O|  |TAMS 0x0000000087900000, 0x0000000087800000| Updating 
|  67|0x0000000087900000, 0x0000000087a00000, 0x0000000087a00000|100%| O|  |TAMS 0x0000000087a00000, 0x0000000087900000| Updating 
|  68|0x0000000087a00000, 0x0000000087b00000, 0x0000000087b00000|100%| O|  |TAMS 0x0000000087b00000, 0x0000000087a00000| Updating 
|  69|0x0000000087b00000, 0x0000000087b00000, 0x0000000087c00000|  0%| F|  |TAMS 0x0000000087b00000, 0x0000000087b00000| Untracked 
|  70|0x0000000087c00000, 0x0000000087d00000, 0x0000000087d00000|100%| O|  |TAMS 0x0000000087d00000, 0x0000000087c00000| Updating 
|  71|0x0000000087d00000, 0x0000000087e00000, 0x0000000087e00000|100%| O|  |TAMS 0x0000000087e00000, 0x0000000087d00000| Updating 
|  72|0x0000000087e00000, 0x0000000087f00000, 0x0000000087f00000|100%| O|  |TAMS 0x0000000087f00000, 0x0000000087e00000| Updating 
|  73|0x0000000087f00000, 0x0000000088000000, 0x0000000088000000|100%| O|  |TAMS 0x0000000088000000, 0x0000000087f00000| Updating 
|  74|0x0000000088000000, 0x0000000088100000, 0x0000000088100000|100%| O|  |TAMS 0x0000000088100000, 0x0000000088000000| Untracked 
|  75|0x0000000088100000, 0x0000000088200000, 0x0000000088200000|100%| O|  |TAMS 0x0000000088200000, 0x0000000088100000| Updating 
|  76|0x0000000088200000, 0x0000000088234c00, 0x0000000088300000| 20%| O|  |TAMS 0x0000000088234c00, 0x0000000088200000| Updating 
|  77|0x0000000088300000, 0x0000000088400000, 0x0000000088400000|100%|HS|  |TAMS 0x0000000088300000, 0x0000000088300000| Complete 
|  78|0x0000000088400000, 0x0000000088500000, 0x0000000088500000|100%|HS|  |TAMS 0x0000000088400000, 0x0000000088400000| Complete 
|  79|0x0000000088500000, 0x0000000088500000, 0x0000000088600000|  0%| F|  |TAMS 0x0000000088500000, 0x0000000088500000| Untracked 
|  80|0x0000000088600000, 0x0000000088600000, 0x0000000088700000|  0%| F|  |TAMS 0x0000000088600000, 0x0000000088600000| Untracked 
|  81|0x0000000088700000, 0x0000000088700000, 0x0000000088800000|  0%| F|  |TAMS 0x0000000088700000, 0x0000000088700000| Untracked 
|  82|0x0000000088800000, 0x0000000088800000, 0x0000000088900000|  0%| F|  |TAMS 0x0000000088800000, 0x0000000088800000| Untracked 
|  83|0x0000000088900000, 0x0000000088900000, 0x0000000088a00000|  0%| F|  |TAMS 0x0000000088900000, 0x0000000088900000| Untracked 
|  84|0x0000000088a00000, 0x0000000088a00000, 0x0000000088b00000|  0%| F|  |TAMS 0x0000000088a00000, 0x0000000088a00000| Untracked 
|  85|0x0000000088b00000, 0x0000000088b00000, 0x0000000088c00000|  0%| F|  |TAMS 0x0000000088b00000, 0x0000000088b00000| Untracked 
|  86|0x0000000088c00000, 0x0000000088c00000, 0x0000000088d00000|  0%| F|  |TAMS 0x0000000088c00000, 0x0000000088c00000| Untracked 
|  87|0x0000000088d00000, 0x0000000088d00000, 0x0000000088e00000|  0%| F|  |TAMS 0x0000000088d00000, 0x0000000088d00000| Untracked 
|  88|0x0000000088e00000, 0x0000000088e00000, 0x0000000088f00000|  0%| F|  |TAMS 0x0000000088e00000, 0x0000000088e00000| Untracked 
|  89|0x0000000088f00000, 0x0000000088f00000, 0x0000000089000000|  0%| F|  |TAMS 0x0000000088f00000, 0x0000000088f00000| Untracked 
|  90|0x0000000089000000, 0x0000000089000000, 0x0000000089100000|  0%| F|  |TAMS 0x0000000089000000, 0x0000000089000000| Untracked 
|  91|0x0000000089100000, 0x0000000089100000, 0x0000000089200000|  0%| F|  |TAMS 0x0000000089100000, 0x0000000089100000| Untracked 
|  92|0x0000000089200000, 0x0000000089200000, 0x0000000089300000|  0%| F|  |TAMS 0x0000000089200000, 0x0000000089200000| Untracked 
|  93|0x0000000089300000, 0x0000000089300000, 0x0000000089400000|  0%| F|  |TAMS 0x0000000089300000, 0x0000000089300000| Untracked 
|  94|0x0000000089400000, 0x0000000089400000, 0x0000000089500000|  0%| F|  |TAMS 0x0000000089400000, 0x0000000089400000| Untracked 
|  95|0x0000000089500000, 0x0000000089500000, 0x0000000089600000|  0%| F|  |TAMS 0x0000000089500000, 0x0000000089500000| Untracked 
|  96|0x0000000089600000, 0x0000000089600000, 0x0000000089700000|  0%| F|  |TAMS 0x0000000089600000, 0x0000000089600000| Untracked 
|  97|0x0000000089700000, 0x0000000089700000, 0x0000000089800000|  0%| F|  |TAMS 0x0000000089700000, 0x0000000089700000| Untracked 
|  98|0x0000000089800000, 0x0000000089800000, 0x0000000089900000|  0%| F|  |TAMS 0x0000000089800000, 0x0000000089800000| Untracked 
|  99|0x0000000089900000, 0x0000000089900000, 0x0000000089a00000|  0%| F|  |TAMS 0x0000000089900000, 0x0000000089900000| Untracked 
| 100|0x0000000089a00000, 0x0000000089a00000, 0x0000000089b00000|  0%| F|  |TAMS 0x0000000089a00000, 0x0000000089a00000| Untracked 
| 101|0x0000000089b00000, 0x0000000089b00000, 0x0000000089c00000|  0%| F|  |TAMS 0x0000000089b00000, 0x0000000089b00000| Untracked 
| 102|0x0000000089c00000, 0x0000000089c00000, 0x0000000089d00000|  0%| F|  |TAMS 0x0000000089c00000, 0x0000000089c00000| Untracked 
| 103|0x0000000089d00000, 0x0000000089d00000, 0x0000000089e00000|  0%| F|  |TAMS 0x0000000089d00000, 0x0000000089d00000| Untracked 
| 104|0x0000000089e00000, 0x0000000089e00000, 0x0000000089f00000|  0%| F|  |TAMS 0x0000000089e00000, 0x0000000089e00000| Untracked 
| 105|0x0000000089f00000, 0x0000000089f00000, 0x000000008a000000|  0%| F|  |TAMS 0x0000000089f00000, 0x0000000089f00000| Untracked 
| 106|0x000000008a000000, 0x000000008a000000, 0x000000008a100000|  0%| F|  |TAMS 0x000000008a000000, 0x000000008a000000| Untracked 
| 107|0x000000008a100000, 0x000000008a100000, 0x000000008a200000|  0%| F|  |TAMS 0x000000008a100000, 0x000000008a100000| Untracked 
| 108|0x000000008a200000, 0x000000008a200000, 0x000000008a300000|  0%| F|  |TAMS 0x000000008a200000, 0x000000008a200000| Untracked 
| 109|0x000000008a300000, 0x000000008a300000, 0x000000008a400000|  0%| F|  |TAMS 0x000000008a300000, 0x000000008a300000| Untracked 
| 110|0x000000008a400000, 0x000000008a400000, 0x000000008a500000|  0%| F|  |TAMS 0x000000008a400000, 0x000000008a400000| Untracked 
| 111|0x000000008a500000, 0x000000008a500000, 0x000000008a600000|  0%| F|  |TAMS 0x000000008a500000, 0x000000008a500000| Untracked 
| 112|0x000000008a600000, 0x000000008a600000, 0x000000008a700000|  0%| F|  |TAMS 0x000000008a600000, 0x000000008a600000| Untracked 
| 113|0x000000008a700000, 0x000000008a700000, 0x000000008a800000|  0%| F|  |TAMS 0x000000008a700000, 0x000000008a700000| Untracked 
| 114|0x000000008a800000, 0x000000008a800000, 0x000000008a900000|  0%| F|  |TAMS 0x000000008a800000, 0x000000008a800000| Untracked 
| 115|0x000000008a900000, 0x000000008a900000, 0x000000008aa00000|  0%| F|  |TAMS 0x000000008a900000, 0x000000008a900000| Untracked 
| 116|0x000000008aa00000, 0x000000008aa00000, 0x000000008ab00000|  0%| F|  |TAMS 0x000000008aa00000, 0x000000008aa00000| Untracked 
| 117|0x000000008ab00000, 0x000000008abcf868, 0x000000008ac00000| 81%| E|  |TAMS 0x000000008ab00000, 0x000000008ab00000| Complete 
| 118|0x000000008ac00000, 0x000000008ad00000, 0x000000008ad00000|100%| E|CS|TAMS 0x000000008ac00000, 0x000000008ac00000| Complete 
| 119|0x000000008ad00000, 0x000000008ae00000, 0x000000008ae00000|100%| E|CS|TAMS 0x000000008ad00000, 0x000000008ad00000| Complete 
| 120|0x000000008ae00000, 0x000000008af00000, 0x000000008af00000|100%| E|CS|TAMS 0x000000008ae00000, 0x000000008ae00000| Complete 
| 121|0x000000008af00000, 0x000000008b000000, 0x000000008b000000|100%| E|CS|TAMS 0x000000008af00000, 0x000000008af00000| Complete 
| 122|0x000000008b000000, 0x000000008b100000, 0x000000008b100000|100%| E|CS|TAMS 0x000000008b000000, 0x000000008b000000| Complete 
| 123|0x000000008b100000, 0x000000008b200000, 0x000000008b200000|100%| E|CS|TAMS 0x000000008b100000, 0x000000008b100000| Complete 
| 124|0x000000008b200000, 0x000000008b300000, 0x000000008b300000|100%| E|  |TAMS 0x000000008b200000, 0x000000008b200000| Complete 
| 125|0x000000008b300000, 0x000000008b400000, 0x000000008b400000|100%| E|CS|TAMS 0x000000008b300000, 0x000000008b300000| Complete 
| 126|0x000000008b400000, 0x000000008b500000, 0x000000008b500000|100%| E|CS|TAMS 0x000000008b400000, 0x000000008b400000| Complete 
| 127|0x000000008b500000, 0x000000008b600000, 0x000000008b600000|100%| E|CS|TAMS 0x000000008b500000, 0x000000008b500000| Complete 
| 128|0x000000008b600000, 0x000000008b700000, 0x000000008b700000|100%| E|CS|TAMS 0x000000008b600000, 0x000000008b600000| Complete 
| 129|0x000000008b700000, 0x000000008b800000, 0x000000008b800000|100%| E|CS|TAMS 0x000000008b700000, 0x000000008b700000| Complete 
| 130|0x000000008b800000, 0x000000008b900000, 0x000000008b900000|100%| E|CS|TAMS 0x000000008b800000, 0x000000008b800000| Complete 
| 131|0x000000008b900000, 0x000000008ba00000, 0x000000008ba00000|100%| E|CS|TAMS 0x000000008b900000, 0x000000008b900000| Complete 
| 132|0x000000008ba00000, 0x000000008bb00000, 0x000000008bb00000|100%| E|CS|TAMS 0x000000008ba00000, 0x000000008ba00000| Complete 
| 133|0x000000008bb00000, 0x000000008bc00000, 0x000000008bc00000|100%| E|CS|TAMS 0x000000008bb00000, 0x000000008bb00000| Complete 
| 134|0x000000008bc00000, 0x000000008bd00000, 0x000000008bd00000|100%| E|CS|TAMS 0x000000008bc00000, 0x000000008bc00000| Complete 
| 135|0x000000008bd00000, 0x000000008be00000, 0x000000008be00000|100%| E|CS|TAMS 0x000000008bd00000, 0x000000008bd00000| Complete 
| 136|0x000000008be00000, 0x000000008bf00000, 0x000000008bf00000|100%| E|CS|TAMS 0x000000008be00000, 0x000000008be00000| Complete 
| 137|0x000000008bf00000, 0x000000008c000000, 0x000000008c000000|100%| E|CS|TAMS 0x000000008bf00000, 0x000000008bf00000| Complete 
| 138|0x000000008c000000, 0x000000008c100000, 0x000000008c100000|100%| E|CS|TAMS 0x000000008c000000, 0x000000008c000000| Complete 
| 139|0x000000008c100000, 0x000000008c200000, 0x000000008c200000|100%| E|CS|TAMS 0x000000008c100000, 0x000000008c100000| Complete 
| 140|0x000000008c200000, 0x000000008c300000, 0x000000008c300000|100%| E|CS|TAMS 0x000000008c200000, 0x000000008c200000| Complete 
| 141|0x000000008c300000, 0x000000008c400000, 0x000000008c400000|100%| E|CS|TAMS 0x000000008c300000, 0x000000008c300000| Complete 
| 142|0x000000008c400000, 0x000000008c500000, 0x000000008c500000|100%| E|CS|TAMS 0x000000008c400000, 0x000000008c400000| Complete 
| 143|0x000000008c500000, 0x000000008c600000, 0x000000008c600000|100%| E|CS|TAMS 0x000000008c500000, 0x000000008c500000| Complete 
| 144|0x000000008c600000, 0x000000008c69dcb0, 0x000000008c700000| 61%| S|CS|TAMS 0x000000008c600000, 0x000000008c600000| Complete 
| 145|0x000000008c700000, 0x000000008c800000, 0x000000008c800000|100%| E|CS|TAMS 0x000000008c700000, 0x000000008c700000| Complete 
| 146|0x000000008c800000, 0x000000008c900000, 0x000000008c900000|100%| E|CS|TAMS 0x000000008c800000, 0x000000008c800000| Complete 
| 147|0x000000008c900000, 0x000000008ca00000, 0x000000008ca00000|100%| E|CS|TAMS 0x000000008c900000, 0x000000008c900000| Complete 

Card table byte_map: [0x0000021847810000,0x0000021847c00000] _byte_map_base: 0x00000218473f5000

Marking Bits (Prev, Next): (CMBitMap*) 0x000002183c86ef30, (CMBitMap*) 0x000002183c86ef70
 Prev Bits: [0x0000021847ff0000, 0x0000021849f18000)
 Next Bits: [0x0000021849f20000, 0x000002184be48000)

Polling page: 0x000002183bfb0000

Metaspace:

Usage:
  Non-class:     63.57 MB used.
      Class:     10.45 MB used.
       Both:     74.02 MB used.

Virtual space:
  Non-class space:      128.00 MB reserved,      63.94 MB ( 50%) committed,  2 nodes.
      Class space:        1.00 GB reserved,      10.75 MB (  1%) committed,  1 nodes.
             Both:        1.12 GB reserved,      74.69 MB (  6%) committed. 

Chunk freelists:
   Non-Class:  15.86 MB
       Class:  5.08 MB
        Both:  20.94 MB

MaxMetaspaceSize: unlimited
CompressedClassSpaceSize: 1.00 GB
Initial GC threshold: 21.00 MB
Current GC threshold: 124.50 MB
CDS: on
MetaspaceReclaimPolicy: balanced
 - commit_granule_bytes: 65536.
 - commit_granule_words: 8192.
 - virtual_space_node_default_size: 8388608.
 - enlarge_chunks_in_place: 1.
 - new_chunks_are_fully_committed: 0.
 - uncommit_free_chunks: 1.
 - use_allocation_guard: 0.
 - handle_deallocations: 1.


Internal statistics:

num_allocs_failed_limit: 14.
num_arena_births: 852.
num_arena_deaths: 0.
num_vsnodes_births: 3.
num_vsnodes_deaths: 0.
num_space_committed: 1195.
num_space_uncommitted: 0.
num_chunks_returned_to_freelist: 14.
num_chunks_taken_from_freelist: 3543.
num_chunk_merges: 14.
num_chunk_splits: 2569.
num_chunks_enlarged: 2044.
num_inconsistent_stats: 0.

CodeCache: size=49152Kb used=15533Kb max_used=15533Kb free=33618Kb
 bounds [0x0000021844310000, 0x0000021845240000, 0x0000021847310000]
 total_blobs=7743 nmethods=7030 adapters=637
 compilation: enabled
              stopped_count=0, restarted_count=0
 full_count=0

Compilation events (20 events):
Event: 22.055 Thread 0x0000021895fab060 7019       1       java.lang.WeakPairMap::expungeStaleAssociations (31 bytes)
Event: 22.056 Thread 0x0000021895fab060 nmethod 7019 0x0000021845238110 code [0x00000218452382e0, 0x00000218452385e8]
Event: 22.069 Thread 0x0000021895fab060 7020       1       java.lang.Thread::isDaemon (5 bytes)
Event: 22.069 Thread 0x0000021895fe67f0 7021       1       java.lang.Thread::getPriority (5 bytes)
Event: 22.070 Thread 0x0000021895fe67f0 nmethod 7021 0x0000021845238810 code [0x00000218452389a0, 0x0000021845238a78]
Event: 22.070 Thread 0x0000021895fab060 nmethod 7020 0x0000021845238b10 code [0x0000021845238ca0, 0x0000021845238d78]
Event: 22.075 Thread 0x000002184e738c70 7023       1       sun.nio.ch.Util$BufferCache::next (8 bytes)
Event: 22.075 Thread 0x000002184e738c70 nmethod 7023 0x0000021845239210 code [0x00000218452393a0, 0x0000021845239498]
Event: 22.079 Thread 0x000002184e738c70 7024       1       java.nio.DirectByteBuffer::cleaner (5 bytes)
Event: 22.079 Thread 0x000002184e738c70 nmethod 7024 0x0000021845239510 code [0x00000218452396a0, 0x0000021845239778]
Event: 22.134 Thread 0x000002184e738c70 7025       1       jdk.internal.misc.Unsafe::allocateMemory (65 bytes)
Event: 22.134 Thread 0x0000021895fab060 7026       1       jdk.internal.misc.Unsafe::alignToHeapWordSize (29 bytes)
Event: 22.134 Thread 0x0000021895fe67f0 7027       1       jdk.internal.misc.Unsafe::allocateMemoryChecks (6 bytes)
Event: 22.134 Thread 0x0000021895fe67f0 nmethod 7027 0x0000021845239810 code [0x00000218452399c0, 0x0000021845239b48]
Event: 22.134 Thread 0x0000021895fab060 nmethod 7026 0x0000021845239c10 code [0x0000021845239dc0, 0x0000021845239f68]
Event: 22.135 Thread 0x000002184e738c70 nmethod 7025 0x000002184523a410 code [0x000002184523a640, 0x000002184523abf8]
Event: 22.177 Thread 0x000002184e738c70 7029       1       java.util.concurrent.atomic.AtomicLong::compareAndSet (13 bytes)
Event: 22.178 Thread 0x000002184e738c70 nmethod 7029 0x000002184523af10 code [0x000002184523b0a0, 0x000002184523b178]
Event: 22.182 Thread 0x0000021895fab060 7030       1       java.util.concurrent.locks.AbstractQueuedSynchronizer$Node::<init> (5 bytes)
Event: 22.183 Thread 0x0000021895fab060 nmethod 7030 0x000002184523b210 code [0x000002184523b3a0, 0x000002184523b458]

GC Heap History (20 events):
Event: 20.141 GC heap before
{Heap before GC invocations=21 (full 0):
 garbage-first heap   total 86016K, used 68541K [0x0000000083600000, 0x0000000100000000)
  region size 1024K, 37 young (37888K), 5 survivors (5120K)
 Metaspace       used 72215K, committed 72768K, reserved 1114112K
  class space    used 10204K, committed 10432K, reserved 1048576K
}
Event: 20.146 GC heap after
{Heap after GC invocations=22 (full 0):
 garbage-first heap   total 86016K, used 37724K [0x0000000083600000, 0x0000000100000000)
  region size 1024K, 5 young (5120K), 5 survivors (5120K)
 Metaspace       used 72215K, committed 72768K, reserved 1114112K
  class space    used 10204K, committed 10432K, reserved 1048576K
}
Event: 20.644 GC heap before
{Heap before GC invocations=22 (full 0):
 garbage-first heap   total 86016K, used 68444K [0x0000000083600000, 0x0000000100000000)
  region size 1024K, 35 young (35840K), 5 survivors (5120K)
 Metaspace       used 73203K, committed 73792K, reserved 1114112K
  class space    used 10357K, committed 10624K, reserved 1048576K
}
Event: 20.650 GC heap after
{Heap after GC invocations=23 (full 0):
 garbage-first heap   total 86016K, used 39010K [0x0000000083600000, 0x0000000100000000)
  region size 1024K, 4 young (4096K), 4 survivors (4096K)
 Metaspace       used 73203K, committed 73792K, reserved 1114112K
  class space    used 10357K, committed 10624K, reserved 1048576K
}
Event: 21.106 GC heap before
{Heap before GC invocations=23 (full 0):
 garbage-first heap   total 86016K, used 69730K [0x0000000083600000, 0x0000000100000000)
  region size 1024K, 34 young (34816K), 4 survivors (4096K)
 Metaspace       used 74057K, committed 74624K, reserved 1114112K
  class space    used 10488K, committed 10752K, reserved 1048576K
}
Event: 21.112 GC heap after
{Heap after GC invocations=24 (full 0):
 garbage-first heap   total 103424K, used 40506K [0x0000000083600000, 0x0000000100000000)
  region size 1024K, 4 young (4096K), 4 survivors (4096K)
 Metaspace       used 74057K, committed 74624K, reserved 1114112K
  class space    used 10488K, committed 10752K, reserved 1048576K
}
Event: 21.620 GC heap before
{Heap before GC invocations=24 (full 0):
 garbage-first heap   total 103424K, used 84538K [0x0000000083600000, 0x0000000100000000)
  region size 1024K, 47 young (48128K), 4 survivors (4096K)
 Metaspace       used 75703K, committed 76352K, reserved 1179648K
  class space    used 10687K, committed 11008K, reserved 1048576K
}
Event: 21.630 GC heap after
{Heap after GC invocations=25 (full 0):
 garbage-first heap   total 103424K, used 44776K [0x0000000083600000, 0x0000000100000000)
  region size 1024K, 6 young (6144K), 6 survivors (6144K)
 Metaspace       used 75703K, committed 76352K, reserved 1179648K
  class space    used 10687K, committed 11008K, reserved 1048576K
}
Event: 21.746 GC heap before
{Heap before GC invocations=25 (full 0):
 garbage-first heap   total 103424K, used 84712K [0x0000000083600000, 0x0000000100000000)
  region size 1024K, 44 young (45056K), 6 survivors (6144K)
 Metaspace       used 75703K, committed 76352K, reserved 1179648K
  class space    used 10687K, committed 11008K, reserved 1048576K
}
Event: 21.756 GC heap after
{Heap after GC invocations=26 (full 0):
 garbage-first heap   total 103424K, used 51840K [0x0000000083600000, 0x0000000100000000)
  region size 1024K, 6 young (6144K), 6 survivors (6144K)
 Metaspace       used 75703K, committed 76352K, reserved 1179648K
  class space    used 10687K, committed 11008K, reserved 1048576K
}
Event: 21.858 GC heap before
{Heap before GC invocations=26 (full 0):
 garbage-first heap   total 103424K, used 67200K [0x0000000083600000, 0x0000000100000000)
  region size 1024K, 23 young (23552K), 6 survivors (6144K)
 Metaspace       used 75797K, committed 76480K, reserved 1179648K
  class space    used 10700K, committed 11008K, reserved 1048576K
}
Event: 21.867 GC heap after
{Heap after GC invocations=27 (full 0):
 garbage-first heap   total 103424K, used 58131K [0x0000000083600000, 0x0000000100000000)
  region size 1024K, 5 young (5120K), 5 survivors (5120K)
 Metaspace       used 75797K, committed 76480K, reserved 1179648K
  class space    used 10700K, committed 11008K, reserved 1048576K
}
Event: 21.916 GC heap before
{Heap before GC invocations=27 (full 0):
 garbage-first heap   total 103424K, used 78611K [0x0000000083600000, 0x0000000100000000)
  region size 1024K, 25 young (25600K), 5 survivors (5120K)
 Metaspace       used 75797K, committed 76480K, reserved 1179648K
  class space    used 10700K, committed 11008K, reserved 1048576K
}
Event: 21.923 GC heap after
{Heap after GC invocations=28 (full 0):
 garbage-first heap   total 151552K, used 63446K [0x0000000083600000, 0x0000000100000000)
  region size 1024K, 4 young (4096K), 4 survivors (4096K)
 Metaspace       used 75797K, committed 76480K, reserved 1179648K
  class space    used 10700K, committed 11008K, reserved 1048576K
}
Event: 22.092 GC heap before
{Heap before GC invocations=29 (full 0):
 garbage-first heap   total 151552K, used 112598K [0x0000000083600000, 0x0000000100000000)
  region size 1024K, 51 young (52224K), 4 survivors (4096K)
 Metaspace       used 75797K, committed 76480K, reserved 1179648K
  class space    used 10700K, committed 11008K, reserved 1048576K
}
Event: 22.101 GC heap after
{Heap after GC invocations=30 (full 0):
 garbage-first heap   total 151552K, used 76263K [0x0000000083600000, 0x0000000100000000)
  region size 1024K, 7 young (7168K), 7 survivors (7168K)
 Metaspace       used 75797K, committed 76480K, reserved 1179648K
  class space    used 10700K, committed 11008K, reserved 1048576K
}
Event: 22.103 GC heap before
{Heap before GC invocations=30 (full 0):
 garbage-first heap   total 151552K, used 77287K [0x0000000083600000, 0x0000000100000000)
  region size 1024K, 8 young (8192K), 7 survivors (7168K)
 Metaspace       used 75797K, committed 76480K, reserved 1179648K
  class space    used 10700K, committed 11008K, reserved 1048576K
}
Event: 22.108 GC heap after
{Heap after GC invocations=31 (full 0):
 garbage-first heap   total 151552K, used 78035K [0x0000000083600000, 0x0000000100000000)
  region size 1024K, 1 young (1024K), 1 survivors (1024K)
 Metaspace       used 75797K, committed 76480K, reserved 1179648K
  class space    used 10700K, committed 11008K, reserved 1048576K
}
Event: 22.114 GC heap before
{Heap before GC invocations=31 (full 0):
 garbage-first heap   total 151552K, used 79059K [0x0000000083600000, 0x0000000100000000)
  region size 1024K, 3 young (3072K), 1 survivors (1024K)
 Metaspace       used 75797K, committed 76480K, reserved 1179648K
  class space    used 10700K, committed 11008K, reserved 1048576K
}
Event: 22.116 GC heap after
{Heap after GC invocations=32 (full 0):
 garbage-first heap   total 151552K, used 77642K [0x0000000083600000, 0x0000000100000000)
  region size 1024K, 1 young (1024K), 1 survivors (1024K)
 Metaspace       used 75797K, committed 76480K, reserved 1179648K
  class space    used 10700K, committed 11008K, reserved 1048576K
}

Dll operation events (13 events):
Event: 0.019 Loaded shared library C:\Users\alexc\.jdks\corretto-17.0.10\bin\java.dll
Event: 0.021 Loaded shared library C:\Users\alexc\.jdks\corretto-17.0.10\bin\zip.dll
Event: 0.052 Loaded shared library C:\Users\alexc\.jdks\corretto-17.0.10\bin\jsvml.dll
Event: 0.733 Loaded shared library C:\Users\alexc\.jdks\corretto-17.0.10\bin\instrument.dll
Event: 0.782 Loaded shared library C:\Users\alexc\.jdks\corretto-17.0.10\bin\net.dll
Event: 0.785 Loaded shared library C:\Users\alexc\.jdks\corretto-17.0.10\bin\nio.dll
Event: 0.792 Loaded shared library C:\Users\alexc\.jdks\corretto-17.0.10\bin\zip.dll
Event: 1.092 Loaded shared library C:\Users\alexc\.jdks\corretto-17.0.10\bin\jimage.dll
Event: 2.288 Loaded shared library C:\Users\alexc\.jdks\corretto-17.0.10\bin\management.dll
Event: 2.460 Loaded shared library C:\Users\alexc\.jdks\corretto-17.0.10\bin\management_ext.dll
Event: 3.200 Loaded shared library C:\Users\alexc\.jdks\corretto-17.0.10\bin\extnet.dll
Event: 10.250 Loaded shared library C:\Users\alexc\.jdks\corretto-17.0.10\bin\sunmscapi.dll
Event: 15.851 Loaded shared library C:\Users\alexc\.jdks\corretto-17.0.10\bin\verify.dll

Deoptimization events (20 events):
Event: 22.075 Thread 0x0000021896101d80 DEOPT PACKING pc=0x000002184512dbec sp=0x00000088dc2fe270
Event: 22.075 Thread 0x0000021896101d80 DEOPT UNPACKING pc=0x000002184436ace3 sp=0x00000088dc2fd728 mode 1
Event: 22.075 Thread 0x0000021896101d80 DEOPT PACKING pc=0x00000218451ef564 sp=0x00000088dc2fe400
Event: 22.075 Thread 0x0000021896101d80 DEOPT UNPACKING pc=0x000002184436ace3 sp=0x00000088dc2fd9a0 mode 1
Event: 22.075 Thread 0x0000021896101d80 DEOPT PACKING pc=0x00000218451f1fbc sp=0x00000088dc2fe590
Event: 22.075 Thread 0x0000021896101d80 DEOPT UNPACKING pc=0x000002184436ace3 sp=0x00000088dc2fda28 mode 1
Event: 22.075 Thread 0x0000021896101d80 DEOPT PACKING pc=0x00000218451e8dc4 sp=0x00000088dc2fe070
Event: 22.075 Thread 0x0000021896101d80 DEOPT UNPACKING pc=0x000002184436ace3 sp=0x00000088dc2fd530 mode 1
Event: 22.075 Thread 0x0000021896101d80 DEOPT PACKING pc=0x00000218451e99cc sp=0x00000088dc2fe120
Event: 22.076 Thread 0x0000021896101d80 DEOPT UNPACKING pc=0x000002184436ace3 sp=0x00000088dc2fd658 mode 1
Event: 22.076 Thread 0x0000021896101d80 DEOPT PACKING pc=0x00000218451e724c sp=0x00000088dc2fe260
Event: 22.076 Thread 0x0000021896101d80 DEOPT UNPACKING pc=0x000002184436ace3 sp=0x00000088dc2fd780 mode 1
Event: 22.076 Thread 0x0000021896101d80 DEOPT PACKING pc=0x00000218451ee294 sp=0x00000088dc2fe350
Event: 22.076 Thread 0x0000021896101d80 DEOPT UNPACKING pc=0x000002184436ace3 sp=0x00000088dc2fd848 mode 1
Event: 22.076 Thread 0x0000021896101d80 DEOPT PACKING pc=0x000002184512dbec sp=0x00000088dc2fe270
Event: 22.076 Thread 0x0000021896101d80 DEOPT UNPACKING pc=0x000002184436ace3 sp=0x00000088dc2fd728 mode 1
Event: 22.076 Thread 0x0000021896101d80 DEOPT PACKING pc=0x00000218451ef564 sp=0x00000088dc2fe400
Event: 22.076 Thread 0x0000021896101d80 DEOPT UNPACKING pc=0x000002184436ace3 sp=0x00000088dc2fd9a0 mode 1
Event: 22.076 Thread 0x0000021896101d80 DEOPT PACKING pc=0x00000218451f1fbc sp=0x00000088dc2fe590
Event: 22.076 Thread 0x0000021896101d80 DEOPT UNPACKING pc=0x000002184436ace3 sp=0x00000088dc2fda28 mode 1

Classes unloaded (0 events):
No events

Classes redefined (0 events):
No events

Internal exceptions (20 events):
Event: 22.072 Thread 0x0000021896101d80 Exception <a 'sun/nio/fs/WindowsException'{0x000000008a516ac0}> (0x000000008a516ac0) 
thrown [s\src\hotspot\share\prims\jni.cpp, line 516]
Event: 22.072 Thread 0x0000021896101d80 Exception <a 'sun/nio/fs/WindowsException'{0x000000008a516df0}> (0x000000008a516df0) 
thrown [s\src\hotspot\share\prims\jni.cpp, line 516]
Event: 22.073 Thread 0x0000021896101d80 Exception <a 'sun/nio/fs/WindowsException'{0x000000008a517790}> (0x000000008a517790) 
thrown [s\src\hotspot\share\prims\jni.cpp, line 516]
Event: 22.073 Thread 0x0000021896101d80 Exception <a 'sun/nio/fs/WindowsException'{0x000000008a517af0}> (0x000000008a517af0) 
thrown [s\src\hotspot\share\prims\jni.cpp, line 516]
Event: 22.073 Thread 0x0000021896101d80 Exception <a 'sun/nio/fs/WindowsException'{0x000000008a518468}> (0x000000008a518468) 
thrown [s\src\hotspot\share\prims\jni.cpp, line 516]
Event: 22.073 Thread 0x0000021896101d80 Exception <a 'sun/nio/fs/WindowsException'{0x000000008a518798}> (0x000000008a518798) 
thrown [s\src\hotspot\share\prims\jni.cpp, line 516]
Event: 22.073 Thread 0x0000021896101d80 Exception <a 'sun/nio/fs/WindowsException'{0x000000008a5190e0}> (0x000000008a5190e0) 
thrown [s\src\hotspot\share\prims\jni.cpp, line 516]
Event: 22.074 Thread 0x0000021896101d80 Exception <a 'sun/nio/fs/WindowsException'{0x000000008a5193e0}> (0x000000008a5193e0) 
thrown [s\src\hotspot\share\prims\jni.cpp, line 516]
Event: 22.074 Thread 0x0000021896101d80 Exception <a 'sun/nio/fs/WindowsException'{0x000000008a519d30}> (0x000000008a519d30) 
thrown [s\src\hotspot\share\prims\jni.cpp, line 516]
Event: 22.074 Thread 0x0000021896101d80 Exception <a 'sun/nio/fs/WindowsException'{0x000000008a51a048}> (0x000000008a51a048) 
thrown [s\src\hotspot\share\prims\jni.cpp, line 516]
Event: 22.074 Thread 0x0000021896101d80 Exception <a 'sun/nio/fs/WindowsException'{0x000000008a51a998}> (0x000000008a51a998) 
thrown [s\src\hotspot\share\prims\jni.cpp, line 516]
Event: 22.074 Thread 0x0000021896101d80 Exception <a 'sun/nio/fs/WindowsException'{0x000000008a51ac98}> (0x000000008a51ac98) 
thrown [s\src\hotspot\share\prims\jni.cpp, line 516]
Event: 22.074 Thread 0x0000021896101d80 Exception <a 'sun/nio/fs/WindowsException'{0x000000008a51b5e8}> (0x000000008a51b5e8) 
thrown [s\src\hotspot\share\prims\jni.cpp, line 516]
Event: 22.075 Thread 0x0000021896101d80 Exception <a 'sun/nio/fs/WindowsException'{0x000000008a51b900}> (0x000000008a51b900) 
thrown [s\src\hotspot\share\prims\jni.cpp, line 516]
Event: 22.075 Thread 0x0000021896101d80 Exception <a 'sun/nio/fs/WindowsException'{0x000000008a51c278}> (0x000000008a51c278) 
thrown [s\src\hotspot\share\prims\jni.cpp, line 516]
Event: 22.075 Thread 0x0000021896101d80 Exception <a 'sun/nio/fs/WindowsException'{0x000000008a51c5a8}> (0x000000008a51c5a8) 
thrown [s\src\hotspot\share\prims\jni.cpp, line 516]
Event: 22.075 Thread 0x0000021896101d80 Exception <a 'sun/nio/fs/WindowsException'{0x000000008a51cf38}> (0x000000008a51cf38) 
thrown [s\src\hotspot\share\prims\jni.cpp, line 516]
Event: 22.075 Thread 0x0000021896101d80 Exception <a 'sun/nio/fs/WindowsException'{0x000000008a51d288}> (0x000000008a51d288) 
thrown [s\src\hotspot\share\prims\jni.cpp, line 516]
Event: 22.075 Thread 0x0000021896101d80 Exception <a 'sun/nio/fs/WindowsException'{0x000000008a51dc00}> (0x000000008a51dc00) 
thrown [s\src\hotspot\share\prims\jni.cpp, line 516]
Event: 22.076 Thread 0x0000021896101d80 Exception <a 'sun/nio/fs/WindowsException'{0x000000008a51df48}> (0x000000008a51df48) 
thrown [s\src\hotspot\share\prims\jni.cpp, line 516]

VM Operations (20 events):
Event: 21.632 Executing VM operation: G1CollectForAllocation done
Event: 21.746 Executing VM operation: G1CollectForAllocation
Event: 21.756 Executing VM operation: G1CollectForAllocation done
Event: 21.810 Executing VM operation: HandshakeAllThreads
Event: 21.810 Executing VM operation: HandshakeAllThreads done
Event: 21.857 Executing VM operation: G1TryInitiateConcMark
Event: 21.867 Executing VM operation: G1TryInitiateConcMark done
Event: 21.916 Executing VM operation: G1CollectForAllocation
Event: 21.926 Executing VM operation: G1CollectForAllocation done
Event: 21.954 Executing VM operation: G1PauseRemark
Event: 21.959 Executing VM operation: G1PauseRemark done
Event: 22.000 Executing VM operation: G1PauseCleanup
Event: 22.001 Executing VM operation: G1PauseCleanup done
Event: 22.091 Executing VM operation: G1CollectForAllocation
Event: 22.102 Executing VM operation: G1CollectForAllocation done
Event: 22.102 Executing VM operation: G1CollectForAllocation
Event: 22.108 Executing VM operation: G1CollectForAllocation done
Event: 22.114 Executing VM operation: G1TryInitiateConcMark
Event: 22.116 Executing VM operation: G1TryInitiateConcMark done
Event: 22.184 Executing VM operation: G1PauseRemark

Events (20 events):
Event: 22.043 Thread 0x0000021896100430 Thread exited: 0x0000021896100430
Event: 22.043 Thread 0x00000218960ffa10 Thread exited: 0x00000218960ffa10
Event: 22.043 Thread 0x0000021896101360 Thread exited: 0x0000021896101360
Event: 22.044 Thread 0x0000021897231930 Thread exited: 0x0000021897231930
Event: 22.044 Thread 0x000002189722f0b0 Thread exited: 0x000002189722f0b0
Event: 22.044 Thread 0x00000218972346c0 Thread exited: 0x00000218972346c0
Event: 22.068 Thread 0x00000218960fe5d0 Thread added: 0x00000218960fe5d0
Event: 22.069 Thread 0x0000021896101d80 Thread added: 0x0000021896101d80
Event: 22.069 Thread 0x0000021896101360 Thread added: 0x0000021896101360
Event: 22.069 Thread 0x00000218960fe0c0 Thread added: 0x00000218960fe0c0
Event: 22.069 Thread 0x0000021896102cb0 Thread added: 0x0000021896102cb0
Event: 22.070 Thread 0x00000218961031c0 Thread added: 0x00000218961031c0
Event: 22.070 Thread 0x00000218961036d0 Thread added: 0x00000218961036d0
Event: 22.070 Thread 0x0000021896104b10 Thread added: 0x0000021896104b10
Event: 22.070 Thread 0x00000218960ffa10 Thread added: 0x00000218960ffa10
Event: 22.071 Thread 0x00000218960fff20 Thread added: 0x00000218960fff20
Event: 22.071 Thread 0x0000021896103be0 Thread added: 0x0000021896103be0
Event: 22.071 Thread 0x0000021896100430 Thread added: 0x0000021896100430
Event: 22.071 Thread 0x0000021896105020 Thread added: 0x0000021896105020
Event: 22.071 Thread 0x0000021896105530 Thread added: 0x0000021896105530


Dynamic libraries:
0x00007ff66faa0000 - 0x00007ff66faae000 	C:\Users\alexc\.jdks\corretto-17.0.10\bin\java.exe
0x00007ff899ad0000 - 0x00007ff899ce7000 	C:\Windows\SYSTEM32\ntdll.dll
0x00007ff8980d0000 - 0x00007ff898194000 	C:\Windows\System32\KERNEL32.DLL
0x00007ff896ee0000 - 0x00007ff897287000 	C:\Windows\System32\KERNELBASE.dll
0x00007ff897470000 - 0x00007ff897581000 	C:\Windows\System32\ucrtbase.dll
0x00007ff88b490000 - 0x00007ff88b4a7000 	C:\Users\alexc\.jdks\corretto-17.0.10\bin\jli.dll
0x00007ff88a970000 - 0x00007ff88a98b000 	C:\Users\alexc\.jdks\corretto-17.0.10\bin\VCRUNTIME140.dll
0x00007ff899330000 - 0x00007ff8994de000 	C:\Windows\System32\USER32.dll
0x00007ff8977d0000 - 0x00007ff8977f6000 	C:\Windows\System32\win32u.dll
0x00007ff8756a0000 - 0x00007ff875933000 	C:\Windows\WinSxS\amd64_microsoft.windows.common-controls_6595b64144ccf1df_6.0.22621.3527_none_270e469b73872a76\COMCTL32.dll
0x00007ff897fc0000 - 0x00007ff898067000 	C:\Windows\System32\msvcrt.dll
0x00007ff899a60000 - 0x00007ff899a89000 	C:\Windows\System32\GDI32.dll
0x00007ff8976b0000 - 0x00007ff8977c9000 	C:\Windows\System32\gdi32full.dll
0x00007ff897610000 - 0x00007ff8976aa000 	C:\Windows\System32\msvcp_win.dll
0x00007ff897c80000 - 0x00007ff897cb1000 	C:\Windows\System32\IMM32.DLL
0x00007ff88a960000 - 0x00007ff88a96c000 	C:\Users\alexc\.jdks\corretto-17.0.10\bin\vcruntime140_1.dll
0x00007ff853b00000 - 0x00007ff853b8d000 	C:\Users\alexc\.jdks\corretto-17.0.10\bin\msvcp140.dll
0x00007ff815bf0000 - 0x00007ff816852000 	C:\Users\alexc\.jdks\corretto-17.0.10\bin\server\jvm.dll
0x00007ff898b50000 - 0x00007ff898c02000 	C:\Windows\System32\ADVAPI32.dll
0x00007ff898c10000 - 0x00007ff898cb8000 	C:\Windows\System32\sechost.dll
0x00007ff896df0000 - 0x00007ff896e18000 	C:\Windows\System32\bcrypt.dll
0x00007ff899940000 - 0x00007ff899a55000 	C:\Windows\System32\RPCRT4.dll
0x00007ff8966a0000 - 0x00007ff8966ed000 	C:\Windows\SYSTEM32\POWRPROF.dll
0x00007ff884c70000 - 0x00007ff884c79000 	C:\Windows\SYSTEM32\WSOCK32.dll
0x00007ff88be10000 - 0x00007ff88be44000 	C:\Windows\SYSTEM32\WINMM.dll
0x00007ff897f40000 - 0x00007ff897fb1000 	C:\Windows\System32\WS2_32.dll
0x00007ff88cc50000 - 0x00007ff88cc5a000 	C:\Windows\SYSTEM32\VERSION.dll
0x00007ff896680000 - 0x00007ff896693000 	C:\Windows\SYSTEM32\UMPDC.dll
0x00007ff895db0000 - 0x00007ff895dc8000 	C:\Windows\SYSTEM32\kernel.appcore.dll
0x00007ff88a950000 - 0x00007ff88a95a000 	C:\Users\alexc\.jdks\corretto-17.0.10\bin\jimage.dll
0x00007ff8943e0000 - 0x00007ff894612000 	C:\Windows\SYSTEM32\DBGHELP.DLL
0x00007ff897800000 - 0x00007ff897b88000 	C:\Windows\System32\combase.dll
0x00007ff897ba0000 - 0x00007ff897c77000 	C:\Windows\System32\OLEAUT32.dll
0x00007ff88b2f0000 - 0x00007ff88b322000 	C:\Windows\SYSTEM32\dbgcore.DLL
0x00007ff897590000 - 0x00007ff897609000 	C:\Windows\System32\bcryptPrimitives.dll
0x00007ff885070000 - 0x00007ff8850ab000 	C:\Users\alexc\.jdks\corretto-17.0.10\bin\jdwp.dll
0x00007ff88a910000 - 0x00007ff88a91e000 	C:\Users\alexc\.jdks\corretto-17.0.10\bin\instrument.dll
0x00007ff88a920000 - 0x00007ff88a945000 	C:\Users\alexc\.jdks\corretto-17.0.10\bin\java.dll
0x00007ff885ef0000 - 0x00007ff885f08000 	C:\Users\alexc\.jdks\corretto-17.0.10\bin\zip.dll
0x00007ff83b4d0000 - 0x00007ff83b5a7000 	C:\Users\alexc\.jdks\corretto-17.0.10\bin\jsvml.dll
0x00007ff8982f0000 - 0x00007ff898b4c000 	C:\Windows\System32\SHELL32.dll
0x00007ff894d30000 - 0x00007ff895626000 	C:\Windows\SYSTEM32\windows.storage.dll
0x00007ff894bf0000 - 0x00007ff894d2e000 	C:\Windows\SYSTEM32\wintypes.dll
0x00007ff899830000 - 0x00007ff899925000 	C:\Windows\System32\SHCORE.dll
0x00007ff899790000 - 0x00007ff8997ee000 	C:\Windows\System32\shlwapi.dll
0x00007ff896d20000 - 0x00007ff896d41000 	C:\Windows\SYSTEM32\profapi.dll
0x00007ff88ebb0000 - 0x00007ff88ebbc000 	C:\Users\alexc\.jdks\corretto-17.0.10\bin\dt_socket.dll
0x00007ff895890000 - 0x00007ff8958bd000 	C:\Windows\SYSTEM32\IPHLPAPI.DLL
0x00007ff896280000 - 0x00007ff8962e9000 	C:\Windows\system32\mswsock.dll
0x00007ff88a110000 - 0x00007ff88a129000 	C:\Users\alexc\.jdks\corretto-17.0.10\bin\net.dll
0x00007ff88e880000 - 0x00007ff88e9b6000 	C:\Windows\SYSTEM32\WINHTTP.dll
0x00007ff885f10000 - 0x00007ff885f26000 	C:\Users\alexc\.jdks\corretto-17.0.10\bin\nio.dll
0x00007ff895900000 - 0x00007ff8959f8000 	C:\Windows\SYSTEM32\DNSAPI.dll
0x00007ff8982e0000 - 0x00007ff8982e9000 	C:\Windows\System32\NSI.dll
0x00007ff88ad70000 - 0x00007ff88ad7a000 	C:\Windows\System32\rasadhlp.dll
0x00007ff88aec0000 - 0x00007ff88af43000 	C:\Windows\System32\fwpuclnt.dll
0x00007ff885ee0000 - 0x00007ff885ee9000 	C:\Users\alexc\.jdks\corretto-17.0.10\bin\management.dll
0x00007ff885ed0000 - 0x00007ff885edb000 	C:\Users\alexc\.jdks\corretto-17.0.10\bin\management_ext.dll
0x00007ff897cc0000 - 0x00007ff897cc8000 	C:\Windows\System32\PSAPI.DLL
0x00007ff8964e0000 - 0x00007ff8964fb000 	C:\Windows\SYSTEM32\CRYPTSP.dll
0x00007ff895d70000 - 0x00007ff895da5000 	C:\Windows\system32\rsaenh.dll
0x00007ff896380000 - 0x00007ff8963a8000 	C:\Windows\SYSTEM32\USERENV.dll
0x00007ff896500000 - 0x00007ff89650c000 	C:\Windows\SYSTEM32\CRYPTBASE.dll
0x00007ff88dc00000 - 0x00007ff88dc19000 	C:\Windows\SYSTEM32\dhcpcsvc6.DLL
0x00007ff88d4b0000 - 0x00007ff88d4cf000 	C:\Windows\SYSTEM32\dhcpcsvc.DLL
0x00007ff879fb0000 - 0x00007ff879fc7000 	C:\Windows\system32\napinsp.dll
0x00007ff879f90000 - 0x00007ff879fab000 	C:\Windows\system32\pnrpnsp.dll
0x00007ff879f70000 - 0x00007ff879f81000 	C:\Windows\System32\winrnr.dll
0x00007ff88af50000 - 0x00007ff88af65000 	C:\Windows\system32\wshbth.dll
0x00007ff879f40000 - 0x00007ff879f67000 	C:\Windows\system32\nlansp_c.dll
0x00007ff884320000 - 0x00007ff884329000 	C:\Users\alexc\.jdks\corretto-17.0.10\bin\extnet.dll
0x00007ff884330000 - 0x00007ff88433e000 	C:\Users\alexc\.jdks\corretto-17.0.10\bin\sunmscapi.dll
0x00007ff897290000 - 0x00007ff8973f8000 	C:\Windows\System32\CRYPT32.dll
0x00007ff896790000 - 0x00007ff8967be000 	C:\Windows\SYSTEM32\ncrypt.dll
0x00007ff896750000 - 0x00007ff896787000 	C:\Windows\SYSTEM32\NTASN1.dll
0x00007ff884310000 - 0x00007ff884320000 	C:\Users\alexc\.jdks\corretto-17.0.10\bin\verify.dll

dbghelp: loaded successfully - version: 4.0.5 - missing functions: none
symbol engine: initialized successfully - sym options: 0x614 - pdb path: .;C:\Users\alexc\.jdks\corretto-17.0.10\bin;C:\Windows\SYSTEM32;C:\Windows\WinSxS\amd64_microsoft.windows.common-controls_6595b64144ccf1df_6.0.22621.3527_none_270e469b73872a76;C:\Users\alexc\.jdks\corretto-17.0.10\bin\server

VM Arguments:
jvm_args: -agentlib:jdwp=transport=dt_socket,address=127.0.0.1:50580,suspend=y,server=n -XX:TieredStopAtLevel=1 -Dspring.output.ansi.enabled=always -Dcom.sun.management.jmxremote -Dspring.jmx.enabled=true -Dspring.liveBeansView.mbeanDomain -Dspring.application.admin.enabled=true -Dmanagement.endpoints.jmx.exposure.include=* -javaagent:C:\Users\alexc\AppData\Local\JetBrains\IntelliJIdea2024.1\captureAgent\debugger-agent.jar -Dfile.encoding=UTF-8 
java_command: com.example.mspedidoservice.MsPedidoServiceApplication
java_class_path (initial): C:\Users\alexc\Music\Client\DAD-2024-G1\ms-pedido-service\target\classes;C:\Users\alexc\.m2\repository\org\springframework\boot\spring-boot-starter-data-jpa\3.2.4\spring-boot-starter-data-jpa-3.2.4.jar;C:\Users\alexc\.m2\repository\org\springframework\boot\spring-boot-starter-aop\3.2.4\spring-boot-starter-aop-3.2.4.jar;C:\Users\alexc\.m2\repository\org\springframework\spring-aop\6.1.5\spring-aop-6.1.5.jar;C:\Users\alexc\.m2\repository\org\aspectj\aspectjweaver\1.9.21\aspectjweaver-1.9.21.jar;C:\Users\alexc\.m2\repository\org\springframework\boot\spring-boot-starter-jdbc\3.2.4\spring-boot-starter-jdbc-3.2.4.jar;C:\Users\alexc\.m2\repository\com\zaxxer\HikariCP\5.0.1\HikariCP-5.0.1.jar;C:\Users\alexc\.m2\repository\org\springframework\spring-jdbc\6.1.5\spring-jdbc-6.1.5.jar;C:\Users\alexc\.m2\repository\org\hibernate\orm\hibernate-core\6.4.4.Final\hibernate-core-6.4.4.Final.jar;C:\Users\alexc\.m2\repository\jakarta\persistence\jakarta.persistence-api\3.1.0\jakarta.persistence-api-3.1.0.jar;C:\Users\alexc\.m2\repository\jakarta\transaction\jakarta.transaction-api\2.0.1\jakarta.transaction-api-2.0.1.jar;C:\Users\alexc\.m2\repository\org\jboss\logging\jboss-logging\3.5.3.Final\jboss-logging-3.5.3.Final.jar;C:\Users\alexc\.m2\repository\org\hibernate\common\hibernate-commons-annotations\6.0.6.Final\hibernate-commons-annotations-6.0.6.Final.jar;C:\Users\alexc\.m2\repository\io\smallrye\jandex\3.1.2\jandex-3.1.2.jar;C:\Users\alexc\.m2\repository\com\fasterxml\classmate\1.6.0\classmate-1.6.0.jar;C:\Users\alexc\.m2\repository\net\bytebuddy\byte-buddy\1.14.12\byte-buddy-1.14.12.jar;C:\Users\alexc\.m2\repository\org\glassfish\jaxb\jaxb-runtime\4.0.5\jaxb-runtime-4.0.5.jar;C:\Users\alexc\.m2\repository\org\glassfish\jaxb\jaxb-core\4.0.5\jaxb-core-4.0.5.jar;C:\Users\alexc\.m2\repository\org\eclipse\angus\angus-activation\2.0.2\angus-activation-2.0.2.jar;C:\Users\alexc\.m2\repository\org\glassfish\jaxb\txw2\4.0.5\txw2-4.0.5.jar;C:\Users\alexc\.m2\repos
Launcher Type: SUN_STANDARD

[Global flags]
     intx CICompilerCount                          = 4                                         {product} {ergonomic}
     uint ConcGCThreads                            = 2                                         {product} {ergonomic}
     uint G1ConcRefinementThreads                  = 8                                         {product} {ergonomic}
   size_t G1HeapRegionSize                         = 1048576                                   {product} {ergonomic}
    uintx GCDrainStackTargetSize                   = 64                                        {product} {ergonomic}
   size_t InitialHeapSize                          = 132120576                                 {product} {ergonomic}
     bool ManagementServer                         = true                                      {product} {command line}
   size_t MarkStackSize                            = 4194304                                   {product} {ergonomic}
   size_t MaxHeapSize                              = 2090860544                                {product} {ergonomic}
   size_t MaxNewSize                               = 1254096896                                {product} {ergonomic}
   size_t MinHeapDeltaBytes                        = 1048576                                   {product} {ergonomic}
   size_t MinHeapSize                              = 8388608                                   {product} {ergonomic}
    uintx NonProfiledCodeHeapSize                  = 0                                      {pd product} {ergonomic}
     bool ProfileInterpreter                       = false                                  {pd product} {command line}
    uintx ProfiledCodeHeapSize                     = 0                                      {pd product} {ergonomic}
   size_t SoftMaxHeapSize                          = 2090860544                             {manageable} {ergonomic}
     intx TieredStopAtLevel                        = 1                                         {product} {command line}
     bool UseCompressedClassPointers               = true                           {product lp64_product} {ergonomic}
     bool UseCompressedOops                        = true                           {product lp64_product} {ergonomic}
     bool UseG1GC                                  = true                                      {product} {ergonomic}
     bool UseLargePagesIndividualAllocation        = false                                  {pd product} {ergonomic}

Logging:
Log output configuration:
 #0: stdout all=warning uptime,level,tags
 #1: stderr all=off uptime,level,tags

Environment Variables:
JAVA_HOME=C:\Program Files\Eclipse Adoptium\jdk-21.0.1.12-hotspot\
PATH=C:\Program Files\Eclipse Adoptium\jdk-21.0.1.12-hotspot\bin;C:\app\alexc\product\21c\dbhomeXE\bin;C:\Program Files (x86)\Common Files\Oracle\Java\javapath;C:\Windows\system32;C:\Windows;C:\Windows\System32\Wbem;C:\Windows\System32\WindowsPowerShell\v1.0\;C:\Windows\System32\OpenSSH\;C:\Program Files\nodejs\;C:\Program Files\Git\cmd;C:\xampp\php;C:\composer;C:\Program Files (x86)\Microchip\MPLAB C32 Suite\bin;C:\Users\alexc\AppData\Local\Microsoft\WindowsApps;C:\Users\alexc\AppData\Local\Programs\Microsoft VS Code\bin;C:\Users\alexc\AppData\Roaming\npm;C:\Users\alexc\AppData\Roaming\Composer\vendor\bin;C:\Users\alexc\AppData\Local\GitHubDesktop\bin
USERNAME=alexc
OS=Windows_NT
PROCESSOR_IDENTIFIER=Intel64 Family 6 Model 140 Stepping 1, GenuineIntel
TMP=C:\Users\alexc\AppData\Local\Temp
TEMP=C:\Users\alexc\AppData\Local\Temp



Periodic native trim disabled


---------------  S Y S T E M  ---------------

OS:
 Windows 11 , 64 bit Build 22621 (10.0.22621.3527)
OS uptime: 14 days 1:56 hours

CPU: total 8 (initial active 8) (4 cores per cpu, 2 threads per core) family 6 model 140 stepping 1 microcode 0x8a, cx8, cmov, fxsr, ht, mmx, 3dnowpref, sse, sse2, sse3, ssse3, sse4.1, sse4.2, popcnt, lzcnt, tsc, tscinvbit, avx, avx2, aes, erms, clmul, bmi1, bmi2, adx, avx512f, avx512dq, avx512cd, avx512bw, avx512vl, sha, fma, vzeroupper, avx512_vpopcntdq, avx512_vpclmulqdq, avx512_vaes, avx512_vnni, clflush, clflushopt, clwb, avx512_vbmi2, avx512_vbmi
Processor Information for processor 0
  Max Mhz: 2419, Current Mhz: 1209, Mhz Limit: 2419
Processor Information for processor 1
  Max Mhz: 2419, Current Mhz: 2419, Mhz Limit: 2419
Processor Information for processor 2
  Max Mhz: 2419, Current Mhz: 2419, Mhz Limit: 2419
Processor Information for processor 3
  Max Mhz: 2419, Current Mhz: 1209, Mhz Limit: 2419
Processor Information for processor 4
  Max Mhz: 2419, Current Mhz: 1209, Mhz Limit: 2419
Processor Information for processor 5
  Max Mhz: 2419, Current Mhz: 2419, Mhz Limit: 2419
Processor Information for processor 6
  Max Mhz: 2419, Current Mhz: 1209, Mhz Limit: 2419
Processor Information for processor 7
  Max Mhz: 2419, Current Mhz: 2419, Mhz Limit: 2419

Memory: 4k page, system-wide physical 7975M (508M free)
TotalPageFile size 25905M (AvailPageFile size 70M)
current process WorkingSet (physical memory assigned to process): 331M, peak: 331M
current process commit charge ("private bytes"): 375M, peak: 394M

vm_info: OpenJDK 64-Bit Server VM (17.0.10+7-LTS) for windows-amd64 JRE (17.0.10+7-LTS), built on Jan 10 2024 22:11:07 by "Administrator" with MS VC++ 16.10 / 16.11 (VS2019)

END.
